nohup: ignoring input
2022-11-15 23:34:09,125:7134(0x7fba7fc5a740):ZOO_INFO@log_env@726: Client environment:zookeeper.version=zookeeper C client 3.4.9
2022-11-15 23:34:09,125:7134(0x7fba7fc5a740):ZOO_INFO@log_env@730: Client environment:host.name=MN
2022-11-15 23:34:09,125:7134(0x7fba7fc5a740):ZOO_INFO@log_env@737: Client environment:os.name=Linux
2022-11-15 23:34:09,125:7134(0x7fba7fc5a740):ZOO_INFO@log_env@738: Client environment:os.arch=3.10.0-1160.el7.x86_64
2022-11-15 23:34:09,125:7134(0x7fba7fc5a740):ZOO_INFO@log_env@739: Client environment:os.version=#1 SMP Mon Oct 19 16:18:59 UTC 2020
2022-11-15 23:34:09,126:7134(0x7fba7fc5a740):ZOO_INFO@log_env@747: Client environment:user.name=hjkim
2022-11-15 23:34:09,126:7134(0x7fba7fc5a740):ZOO_INFO@log_env@755: Client environment:user.home=/home/hjkim
2022-11-15 23:34:09,126:7134(0x7fba7fc5a740):ZOO_INFO@log_env@767: Client environment:user.dir=/home/hjkim/PiGraph/bin
2022-11-15 23:34:09,126:7134(0x7fba7fc5a740):ZOO_INFO@zookeeper_init@800: Initiating client connection, host=localhost.ib:2181 sessionTimeout=10000 watcher=0x420df0 sessionId=0 sessionPasswd=<null> context=(nil) flags=0
2022-11-15 23:34:09,127:7134(0x7fb57deea700):ZOO_INFO@check_events@1728: initiated connection to server [192.168.1.100:2181]
2022-11-15 23:34:09,201:7134(0x7fb57deea700):ZOO_INFO@check_events@1775: session establishment complete on server [192.168.1.100:2181], sessionId=0x847b9781120006, negotiated timeout=10000
state:ZOO_CONNECTED_STATE
event:ZOO_SESSION_EVENT
[ERROR]The node already exists: /PiGraph ZNODE
[INFO]SUCESS TO CREATE PERSISTENT ZNODE: /PiGraph/Resource
[INFO]SUCESS TO CREATE PERSISTENT ZNODE: /PiGraph/Resource/CPU
[INFO]SUCESS TO CREATE PERSISTENT ZNODE: /PiGraph/Resource/CPU/SN01
[INFO]SUCESS TO CREATE PERSISTENT ZNODE: /PiGraph/Resource/CPU/SN02
[INFO]SUCESS TO CREATE PERSISTENT ZNODE: /PiGraph/Resource/CPU/SN03
[INFO]SUCESS TO CREATE PERSISTENT ZNODE: /PiGraph/Resource/CPU/SN04
[INFO]SUCESS TO CREATE PERSISTENT ZNODE: /PiGraph/Resource/CPU/SN05
[INFO]SUCESS TO CREATE PERSISTENT ZNODE: /PiGraph/Resource/CPU/SN06
[INFO]SUCESS TO CREATE PERSISTENT ZNODE: /PiGraph/Resource/GPU
[INFO]SUCESS TO CREATE PERSISTENT ZNODE: /PiGraph/Resource/GPU/SN01
[INFO]SUCESS TO CREATE PERSISTENT ZNODE: /PiGraph/Resource/GPU/SN02
[INFO]SUCESS TO CREATE PERSISTENT ZNODE: /PiGraph/Resource/GPU/SN03
[INFO]SUCESS TO CREATE PERSISTENT ZNODE: /PiGraph/Resource/GPU/SN04
[INFO]SUCESS TO CREATE PERSISTENT ZNODE: /PiGraph/Resource/GPU/SN05
[INFO]SUCESS TO CREATE PERSISTENT ZNODE: /PiGraph/Resource/GPU/SN06
[INFO]SUCESS TO CREATE PERSISTENT ZNODE: /PiGraph/Query
[INFO]SUCESS TO CREATE PERSISTENT ZNODE: /PiGraph/Query/CPU
[INFO]SUCESS TO CREATE PERSISTENT ZNODE: /PiGraph/Query/CPU/SN01
[INFO]SUCESS TO CREATE PERSISTENT ZNODE: /PiGraph/Query/CPU/SN02
[INFO]SUCESS TO CREATE PERSISTENT ZNODE: /PiGraph/Query/CPU/SN03
[INFO]SUCESS TO CREATE PERSISTENT ZNODE: /PiGraph/Query/CPU/SN04
[INFO]SUCESS TO CREATE PERSISTENT ZNODE: /PiGraph/Query/CPU/SN05
[INFO]SUCESS TO CREATE PERSISTENT ZNODE: /PiGraph/Query/CPU/SN06
[INFO]SUCESS TO CREATE PERSISTENT ZNODE: /PiGraph/Query/GPU
[INFO]SUCESS TO CREATE PERSISTENT ZNODE: /PiGraph/Query/GPU/SN01
[INFO]SUCESS TO CREATE PERSISTENT ZNODE: /PiGraph/Query/GPU/SN02
[INFO]SUCESS TO CREATE PERSISTENT ZNODE: /PiGraph/Query/GPU/SN03
[INFO]SUCESS TO CREATE PERSISTENT ZNODE: /PiGraph/Query/GPU/SN04
[INFO]SUCESS TO CREATE PERSISTENT ZNODE: /PiGraph/Query/GPU/SN05
[INFO]SUCESS TO CREATE PERSISTENT ZNODE: /PiGraph/Query/GPU/SN06
[INFO]SUCESS TO GET DATA: /PiGraph/Resource/GPU/SN01
[INFO]SUCESS TO GET DATA: /PiGraph/Resource/GPU/SN02
[INFO]SUCESS TO GET DATA: /PiGraph/Resource/GPU/SN03
[INFO]SUCESS TO GET DATA: /PiGraph/Resource/GPU/SN04
[INFO]SUCESS TO GET DATA: /PiGraph/Resource/GPU/SN05
[INFO]SUCESS TO GET DATA: /PiGraph/Resource/GPU/SN06
[INFO]SUCESS TO GET DATA: /PiGraph/Resource/CPU/SN01
[INFO]SUCESS TO GET DATA: /PiGraph/Resource/CPU/SN02
[INFO]SUCESS TO GET DATA: /PiGraph/Resource/CPU/SN03
[INFO]SUCESS TO GET DATA: /PiGraph/Resource/CPU/SN04
[INFO]SUCESS TO GET DATA: /PiGraph/Resource/CPU/SN05
[INFO]SUCESS TO GET DATA: /PiGraph/Resource/CPU/SN06
2022-11-15 23:34:37,869:7134(0x7fba7fc5a740):ZOO_INFO@log_env@726: Client environment:zookeeper.version=zookeeper C client 3.4.9
2022-11-15 23:34:37,869:7134(0x7fba7fc5a740):ZOO_INFO@log_env@730: Client environment:host.name=MN
2022-11-15 23:34:37,869:7134(0x7fba7fc5a740):ZOO_INFO@log_env@737: Client environment:os.name=Linux
2022-11-15 23:34:37,869:7134(0x7fba7fc5a740):ZOO_INFO@log_env@738: Client environment:os.arch=3.10.0-1160.el7.x86_64
2022-11-15 23:34:37,869:7134(0x7fba7fc5a740):ZOO_INFO@log_env@739: Client environment:os.version=#1 SMP Mon Oct 19 16:18:59 UTC 2020
2022-11-15 23:34:37,869:7134(0x7fba7fc5a740):ZOO_INFO@log_env@747: Client environment:user.name=hjkim
2022-11-15 23:34:37,869:7134(0x7fba7fc5a740):ZOO_INFO@log_env@755: Client environment:user.home=/home/hjkim
2022-11-15 23:34:37,869:7134(0x7fba7fc5a740):ZOO_INFO@log_env@767: Client environment:user.dir=/home/hjkim/PiGraph/bin
2022-11-15 23:34:37,869:7134(0x7fba7fc5a740):ZOO_INFO@zookeeper_init@800: Initiating client connection, host=localhost.ib:2181 sessionTimeout=10000 watcher=0x420df0 sessionId=0 sessionPasswd=<null> context=(nil) flags=0
2022-11-15 23:34:37,870:7134(0x7fb067fff700):ZOO_INFO@check_events@1728: initiated connection to server [192.168.1.100:2181]
2022-11-15 23:34:37,942:7134(0x7fb067fff700):ZOO_INFO@check_events@1775: session establishment complete on server [192.168.1.100:2181], sessionId=0x847b9781120007, negotiated timeout=10000
state:ZOO_CONNECTED_STATE
event:ZOO_SESSION_EVENT
[INFO]SUCESS TO CREATE PERSISTENT ZNODE: /PiGraph/job
[INFO]SUCESS TO CREATE PERSISTENT ZNODE: /PiGraph/job/1
[INFO]SUCESS TO CREATE PERSISTENT ZNODE: /PiGraph/job/1/State
[INFO]SUCESS TO CREATE PERSISTENT ZNODE: /PiGraph/job/1/block
[INFO]SUCESS TO CREATE PERSISTENT ZNODE: /PiGraph/job/1/filePath
[INFO]SUCESS TO CREATE PERSISTENT ZNODE: /PiGraph/job/1/networkType
[INFO]SUCESS TO CREATE PERSISTENT ZNODE: /PiGraph/job/1/numWorker
[INFO]SUCESS TO CREATE PERSISTENT ZNODE: /PiGraph/job/1/outputPath
[INFO]SUCESS TO CREATE PERSISTENT ZNODE: /PiGraph/job/1/patitionOpt
[INFO]SUCESS TO CREATE PERSISTENT ZNODE: /PiGraph/job/1/port
[INFO]SUCESS TO CREATE PERSISTENT ZNODE: /PiGraph/job/1/processingUnit
[INFO]SUCESS TO CREATE PERSISTENT ZNODE: /PiGraph/job/1/query
[INFO]SUCESS TO CREATE PERSISTENT ZNODE: /PiGraph/job/1/receiveCombiner
[INFO]SUCESS TO CREATE PERSISTENT ZNODE: /PiGraph/job/1/superstep
[INFO]SUCESS TO CREATE PERSISTENT ZNODE: /PiGraph/job/1/thread
[INFO]SUCESS TO CREATE PERSISTENT ZNODE: /PiGraph/job/1/HDFS
[INFO]SUCESS TO CREATE PERSISTENT ZNODE: /PiGraph/job/1/mutex
[INFO]SUCESS TO CREATE PERSISTENT ZNODE: /PiGraph/job/1/workers
[INFO]SUCESS TO SET DATA: /PiGraph/job/1/workers
[INFO]SUCESS TO SET DATA: /PiGraph/Query/CPU/SN04
[INFO]SUCESS TO SET DATA: /PiGraph/Query/CPU/SN05
[INFO]SUCESS TO SET DATA: /PiGraph/Query/CPU/SN03
[INFO]SUCESS TO SET DATA: /PiGraph/Query/CPU/SN02
[INFO]SUCESS TO SET DATA: /PiGraph/Query/CPU/SN06
[INFO]SUCESS TO SET DATA: /PiGraph/Query/CPU/SN01
[INFO]SUCESS TO CREATE PERSISTENT ZNODE: /PiGraph/job/2
[INFO]SUCESS TO CREATE PERSISTENT ZNODE: /PiGraph/job/2/State
[INFO]SUCESS TO CREATE PERSISTENT ZNODE: /PiGraph/job/2/block
[INFO]SUCESS TO CREATE PERSISTENT ZNODE: /PiGraph/job/2/filePath
[INFO]SUCESS TO CREATE PERSISTENT ZNODE: /PiGraph/job/2/networkType
[INFO]SUCESS TO CREATE PERSISTENT ZNODE: /PiGraph/job/2/numWorker
[INFO]SUCESS TO CREATE PERSISTENT ZNODE: /PiGraph/job/2/outputPath
[INFO]SUCESS TO CREATE PERSISTENT ZNODE: /PiGraph/job/2/patitionOpt
[INFO]SUCESS TO CREATE PERSISTENT ZNODE: /PiGraph/job/2/port
[INFO]SUCESS TO CREATE PERSISTENT ZNODE: /PiGraph/job/2/processingUnit
[INFO]SUCESS TO CREATE PERSISTENT ZNODE: /PiGraph/job/2/query
[INFO]SUCESS TO CREATE PERSISTENT ZNODE: /PiGraph/job/2/receiveCombiner
[INFO]SUCESS TO CREATE PERSISTENT ZNODE: /PiGraph/job/2/superstep
[INFO]SUCESS TO CREATE PERSISTENT ZNODE: /PiGraph/job/2/thread
[INFO]SUCESS TO CREATE PERSISTENT ZNODE: /PiGraph/job/2/HDFS
[INFO]SUCESS TO CREATE PERSISTENT ZNODE: /PiGraph/job/2/mutex
[INFO]SUCESS TO CREATE PERSISTENT ZNODE: /PiGraph/job/2/workers
[INFO]SUCESS TO SET DATA: /PiGraph/job/2/workers
[INFO]SUCESS TO SET DATA: /PiGraph/Query/CPU/SN03
[INFO]SUCESS TO SET DATA: /PiGraph/Query/CPU/SN05
[INFO]SUCESS TO SET DATA: /PiGraph/Query/CPU/SN06
[INFO]SUCESS TO SET DATA: /PiGraph/Query/CPU/SN04
[INFO]SUCESS TO SET DATA: /PiGraph/Query/CPU/SN02
[INFO]SUCESS TO SET DATA: /PiGraph/Query/CPU/SN01
[INFO]SUCESS TO SET DATA: /PiGraph/job/2/State
[INFO]SUCESS TO CREATE PERSISTENT ZNODE: /PiGraph/job/3
[INFO]SUCESS TO CREATE PERSISTENT ZNODE: /PiGraph/job/3/State
[INFO]SUCESS TO CREATE PERSISTENT ZNODE: /PiGraph/job/3/block
[INFO]SUCESS TO CREATE PERSISTENT ZNODE: /PiGraph/job/3/filePath
[INFO]SUCESS TO CREATE PERSISTENT ZNODE: /PiGraph/job/3/networkType
[INFO]SUCESS TO CREATE PERSISTENT ZNODE: /PiGraph/job/3/numWorker
[INFO]SUCESS TO CREATE PERSISTENT ZNODE: /PiGraph/job/3/outputPath
[INFO]SUCESS TO CREATE PERSISTENT ZNODE: /PiGraph/job/3/patitionOpt
[INFO]SUCESS TO CREATE PERSISTENT ZNODE: /PiGraph/job/3/port
[INFO]SUCESS TO CREATE PERSISTENT ZNODE: /PiGraph/job/3/processingUnit
[INFO]SUCESS TO CREATE PERSISTENT ZNODE: /PiGraph/job/3/query
[INFO]SUCESS TO CREATE PERSISTENT ZNODE: /PiGraph/job/3/receiveCombiner
[INFO]SUCESS TO CREATE PERSISTENT ZNODE: /PiGraph/job/3/superstep
[INFO]SUCESS TO CREATE PERSISTENT ZNODE: /PiGraph/job/3/thread
[INFO]SUCESS TO CREATE PERSISTENT ZNODE: /PiGraph/job/3/HDFS
[INFO]SUCESS TO CREATE PERSISTENT ZNODE: /PiGraph/job/3/mutex
[INFO]SUCESS TO CREATE PERSISTENT ZNODE: /PiGraph/job/3/workers
[INFO]SUCESS TO SET DATA: /PiGraph/job/3/workers
[INFO]SUCESS TO SET DATA: /PiGraph/Query/CPU/SN06
[INFO]SUCESS TO SET DATA: /PiGraph/Query/CPU/SN04
[INFO]SUCESS TO SET DATA: /PiGraph/Query/CPU/SN05
[INFO]SUCESS TO SET DATA: /PiGraph/Query/CPU/SN03
[INFO]SUCESS TO SET DATA: /PiGraph/Query/CPU/SN02
[INFO]SUCESS TO SET DATA: /PiGraph/Query/CPU/SN01
